0 info it worked if it ends with ok
1 verbose cli [ '/usr/bin/node',
1 verbose cli   '/bin/npm',
1 verbose cli   'run',
1 verbose cli   'bundle',
1 verbose cli   '--prefix',
1 verbose cli   'client' ]
2 info using npm@3.10.10
3 info using node@v6.13.0
4 verbose run-script [ 'prebundle', 'bundle', 'postbundle' ]
5 info lifecycle @~prebundle: @
6 silly lifecycle @~prebundle: no script for prebundle, continuing
7 info lifecycle @~bundle: @
8 verbose lifecycle @~bundle: unsafe-perm in lifecycle true
9 verbose lifecycle @~bundle: PATH: /usr/lib/node_modules/npm/bin/node-gyp-bin:/s/bach/k/under/jordantp/workspace/cs314/t07/client/node_modules/.bin:/usr/bin:/s/bach/k/under/jordantp/bin:/bin:/usr/bin:/sbin:/usr/sbin:/usr/local/bin:.
10 verbose lifecycle @~bundle: CWD: /s/bach/k/under/jordantp/workspace/cs314/t07/client
11 silly lifecycle @~bundle: Args: [ '-c',
11 silly lifecycle   'cross-env webpack --config ./webpack.prod.config.js --progress --colors && cp ./index.html ../client_bundle/public' ]
12 silly lifecycle @~bundle: Returned: code: 2  signal: null
13 info lifecycle @~bundle: Failed to exec bundle script
14 verbose stack Error: @ bundle: `cross-env webpack --config ./webpack.prod.config.js --progress --colors && cp ./index.html ../client_bundle/public`
14 verbose stack Exit status 2
14 verbose stack     at EventEmitter.<anonymous> (/usr/lib/node_modules/npm/lib/utils/lifecycle.js:255:16)
14 verbose stack     at emitTwo (events.js:106:13)
14 verbose stack     at EventEmitter.emit (events.js:191:7)
14 verbose stack     at ChildProcess.<anonymous> (/usr/lib/node_modules/npm/lib/utils/spawn.js:40:14)
14 verbose stack     at emitTwo (events.js:106:13)
14 verbose stack     at ChildProcess.emit (events.js:191:7)
14 verbose stack     at maybeClose (internal/child_process.js:920:16)
14 verbose stack     at Process.ChildProcess._handle.onexit (internal/child_process.js:230:5)
15 verbose pkgid @
16 verbose cwd /s/bach/k/under/jordantp/workspace/cs314/t07
17 error Linux 4.15.4-200.fc26.x86_64
18 error argv "/usr/bin/node" "/bin/npm" "run" "bundle" "--prefix" "client"
19 error node v6.13.0
20 error npm  v3.10.10
21 error code ELIFECYCLE
22 error @ bundle: `cross-env webpack --config ./webpack.prod.config.js --progress --colors && cp ./index.html ../client_bundle/public`
22 error Exit status 2
23 error Failed at the @ bundle script 'cross-env webpack --config ./webpack.prod.config.js --progress --colors && cp ./index.html ../client_bundle/public'.
23 error Make sure you have the latest version of node.js and npm installed.
23 error If you do, this is most likely a problem with the  package,
23 error not with npm itself.
23 error Tell the author that this fails on your system:
23 error     cross-env webpack --config ./webpack.prod.config.js --progress --colors && cp ./index.html ../client_bundle/public
23 error You can get information on how to open an issue for this project with:
23 error     npm bugs
23 error Or if that isn't available, you can get their info via:
23 error     npm owner ls
23 error There is likely additional logging output above.
24 verbose exit [ 1, true ]
